#
# A fatal error has been detected by the Java Runtime Environment:
#
#  Internal Error (t:/workspace/hotspot/src/share/vm/interpreter/oopMapCache.cpp:105), pid=5564, tid=14992
#  Error: ShouldNotReachHere()
#
# JRE version: Java(TM) SE Runtime Environment (9.0+11) (build 9.0.4+11)
# Java VM: Java HotSpot(TM) 64-Bit Server VM (9.0.4+11, mixed mode, tiered, compressed oops, g1 gc, windows-amd64)
# No core dump will be written. Minidumps are not enabled by default on client versions of Windows
#
# If you would like to submit a bug report, please visit:
#   http://bugreport.java.com/bugreport/crash.jsp
#

---------------  S U M M A R Y ------------

Command Line: -agentlib:jdwp=transport=dt_socket,address=127.0.0.1:50708,suspend=y,server=n -javaagent:C:\Users\Itai\.IdeaIC2017.3\system\captureAgent\debugger-agent.jar=C:\Users\Itai\AppData\Local\Temp\capture3.props -Dfile.encoding=UTF-8 com.hit.server.CacheUnitServerDriver

Host: Intel(R) Core(TM) i5-6200U CPU @ 2.30GHz, 4 cores, 3G,  Windows 10 , 64 bit Build 16299 (10.0.16299.431)
Time: Wed May 16 16:43:59 2018 Jerusalem Summer Time elapsed time: 456 seconds (0d 0h 7m 36s)

---------------  T H R E A D  ---------------

Current thread (0x000002384829e800):  VMThread "VM Thread" [stack: 0x000000a1e6200000,0x000000a1e6300000] [id=14992]

Stack: [0x000000a1e6200000,0x000000a1e6300000]
[error occurred during error reporting (printing stack bounds), id 0xe0000000]

Native frames: (J=compiled Java code, j=interpreted, Vv=VM code, C=native code)
V  [jvm.dll+0x587068]
V  [jvm.dll+0x69c25e]
V  [jvm.dll+0x69d17a]
V  [jvm.dll+0x69cd05]
V  [jvm.dll+0x69d71b]
V  [jvm.dll+0x5868c6]
V  [jvm.dll+0x586c98]
C  [ntdll.dll+0xa50bd]
C  [ntdll.dll+0x1d278]
C  [ntdll.dll+0xa3fee]
C  0x0000023834080e2a

VM_Operation (0x000000a1e6dff740): GetOrSetLocal, mode: safepoint, requested by thread 0x0000023848ef2800


---------------  P R O C E S S  ---------------

Java Threads: ( => current thread )
  0x00000238281d2800 JavaThread "DestroyJavaVM" [_thread_blocked, id=15028, stack(0x000000a1e5600000,0x000000a1e5700000)]
  0x0000023849002800 JavaThread "Thread-0" [_thread_blocked, id=1892, stack(0x000000a1e7200000,0x000000a1e7300000)]
  0x0000023848f98800 JavaThread "Service Thread" daemon [_thread_blocked, id=10636, stack(0x000000a1e7000000,0x000000a1e7100000)]
  0x0000023848f01000 JavaThread "JDWP Command Reader" daemon [_thread_in_native, id=3880, stack(0x000000a1e6f00000,0x000000a1e7000000)]
  0x0000023848f00000 JavaThread "JDWP Event Helper Thread" daemon [_thread_blocked, id=8084, stack(0x000000a1e6e00000,0x000000a1e6f00000)]
  0x0000023848ef2800 JavaThread "JDWP Transport Listener: dt_socket" daemon [_thread_blocked, id=5820, stack(0x000000a1e6d00000,0x000000a1e6e00000)]
  0x0000023848c21800 JavaThread "Common-Cleaner" daemon [_thread_blocked, id=7464, stack(0x000000a1e6c00000,0x000000a1e6d00000)]
  0x0000023848bb6800 JavaThread "Sweeper thread" daemon [_thread_blocked, id=5280, stack(0x000000a1e6b00000,0x000000a1e6c00000)]
  0x0000023848b95800 JavaThread "C1 CompilerThread2" daemon [_thread_blocked, id=3428, stack(0x000000a1e6a00000,0x000000a1e6b00000)]
  0x0000023848b85800 JavaThread "C2 CompilerThread1" daemon [_thread_blocked, id=3312, stack(0x000000a1e6900000,0x000000a1e6a00000)]
  0x0000023848b83000 JavaThread "C2 CompilerThread0" daemon [_thread_blocked, id=2104, stack(0x000000a1e6800000,0x000000a1e6900000)]
  0x0000023848b7a000 JavaThread "Attach Listener" daemon [_thread_blocked, id=1684, stack(0x000000a1e6700000,0x000000a1e6800000)]
  0x0000023848b78800 JavaThread "Signal Dispatcher" daemon [_thread_blocked, id=1256, stack(0x000000a1e6600000,0x000000a1e6700000)]
  0x0000023848b2f800 JavaThread "Finalizer" daemon [_thread_blocked, id=7064, stack(0x000000a1e6400000,0x000000a1e6500000)]
  0x0000023848b2e800 JavaThread "Reference Handler" daemon [_thread_blocked, id=6220, stack(0x000000a1e6300000,0x000000a1e6400000)]

Other Threads:
=>0x000002384829e800 VMThread "VM Thread" [stack: 0x000000a1e6200000,0x000000a1e6300000] [id=14992]
  0x0000023848f99000 WatcherThread [stack: 0x000000a1e7100000,0x000000a1e7200000] [id=5368]
  0x00000238281eb000 GCTaskThread "GC Thread#0" [stack: 0x000000a1e5700000,0x000000a1e5800000] [id=8628]
  0x00000238281ec800 GCTaskThread "GC Thread#1" [stack: 0x000000a1e5800000,0x000000a1e5900000] [id=11284]
  0x00000238281ee000 GCTaskThread "GC Thread#2" [stack: 0x000000a1e5900000,0x000000a1e5a00000] [id=9448]
  0x00000238281f1800 GCTaskThread "GC Thread#3" [stack: 0x000000a1e5a00000,0x000000a1e5b00000] [id=10256]
  0x0000023828237800 ConcurrentGCThread "G1 Main Marker" [stack: 0x000000a1e6000000,0x000000a1e6100000] [id=14840]
  0x0000023828239000 ConcurrentGCThread "G1 Marker#0" [stack: 0x000000a1e6100000,0x000000a1e6200000] [id=14492]
  0x0000023828202000 ConcurrentGCThread "G1 Refine#0" [stack: 0x000000a1e5e00000,0x000000a1e5f00000] [id=4680]
  0x00000238281fd800 ConcurrentGCThread "G1 Refine#1" [stack: 0x000000a1e5d00000,0x000000a1e5e00000] [id=6052]
  0x00000238281fb800 ConcurrentGCThread "G1 Refine#2" [stack: 0x000000a1e5c00000,0x000000a1e5d00000] [id=9116]
  0x00000238281f3800 ConcurrentGCThread "G1 Refine#3" [stack: 0x000000a1e5b00000,0x000000a1e5c00000] [id=5216]
  0x0000023828203000 ConcurrentGCThread "G1 Young RemSet Sampling" [stack: 0x000000a1e5f00000,0x000000a1e6000000] [id=7660]

Threads with active compile tasks:

VM state:at safepoint (normal execution)

VM Mutex/Monitor currently owned by a thread:  ([mutex/lock_event])
[0x00000238281d0480] Threads_lock - owner thread: 0x000002384829e800

OutOfMemory and StackOverflow Exception counts:
StackOverflowErrors=2

Heap address: 0x00000000c2200000, size: 990 MB, Compressed Oops mode: 32-bit
Narrow klass base: 0x0000000000000000, Narrow klass shift: 3
Compressed class space size: 1073741824 Address: 0x0000000100000000

Heap:
 garbage-first heap   total 63488K, used 5120K [0x00000000c2200000, 0x00000000c23001f0, 0x0000000100000000)
  region size 1024K, 6 young (6144K), 0 survivors (0K)
 Metaspace       used 7162K, capacity 7320K, committed 7424K, reserved 1056768K
  class space    used 622K, capacity 685K, committed 768K, reserved 1048576K
Heap Regions: E=young(eden), S=young(survivor), O=old, HS=humongous(starts), HC=humongous(continues), CS=collection set, F=free, A=archive, TS=gc time stamp, AC=allocation context, TAMS=top-at-mark-start (previous, next)
|   0|0x00000000c2200000, 0x00000000c2200000, 0x00000000c2300000|  0%| F|  |TS  0|AC  0|TAMS 0x00000000c2200000, 0x00000000c2200000|
|   1|0x00000000c2300000, 0x00000000c2300000, 0x00000000c2400000|  0%| F|  |TS  0|AC  0|TAMS 0x00000000c2300000, 0x00000000c2300000|
|   2|0x00000000c2400000, 0x00000000c2400000, 0x00000000c2500000|  0%| F|  |TS  0|AC  0|TAMS 0x00000000c2400000, 0x00000000c2400000|
|   3|0x00000000c2500000, 0x00000000c2500000, 0x00000000c2600000|  0%| F|  |TS  0|AC  0|TAMS 0x00000000c2500000, 0x00000000c2500000|
|   4|0x00000000c2600000, 0x00000000c2600000, 0x00000000c2700000|  0%| F|  |TS  0|AC  0|TAMS 0x00000000c2600000, 0x00000000c2600000|
|   5|0x00000000c2700000, 0x00000000c2700000, 0x00000000c2800000|  0%| F|  |TS  0|AC  0|TAMS 0x00000000c2700000, 0x00000000c2700000|
|   6|0x00000000c2800000, 0x00000000c2800000, 0x00000000c2900000|  0%| F|  |TS  0|AC  0|TAMS 0x00000000c2800000, 0x00000000c2800000|
|   7|0x00000000c2900000, 0x00000000c2900000, 0x00000000c2a00000|  0%| F|  |TS  0|AC  0|TAMS 0x00000000c2900000, 0x00000000c2900000|
|   8|0x00000000c2a00000, 0x00000000c2a00000, 0x00000000c2b00000|  0%| F|  |TS  0|AC  0|TAMS 0x00000000c2a00000, 0x00000000c2a00000|
|   9|0x00000000c2b00000, 0x00000000c2b00000, 0x00000000c2c00000|  0%| F|  |TS  0|AC  0|TAMS 0x00000000c2b00000, 0x00000000c2b00000|
|  10|0x00000000c2c00000, 0x00000000c2c00000, 0x00000000c2d00000|  0%| F|  |TS  0|AC  0|TAMS 0x00000000c2c00000, 0x00000000c2c00000|
|  11|0x00000000c2d00000, 0x00000000c2d00000, 0x00000000c2e00000|  0%| F|  |TS  0|AC  0|TAMS 0x00000000c2d00000, 0x00000000c2d00000|
|  12|0x00000000c2e00000, 0x00000000c2e00000, 0x00000000c2f00000|  0%| F|  |TS  0|AC  0|TAMS 0x00000000c2e00000, 0x00000000c2e00000|
|  13|0x00000000c2f00000, 0x00000000c2f00000, 0x00000000c3000000|  0%| F|  |TS  0|AC  0|TAMS 0x00000000c2f00000, 0x00000000c2f00000|
|  14|0x00000000c3000000, 0x00000000c3000000, 0x00000000c3100000|  0%| F|  |TS  0|AC  0|TAMS 0x00000000c3000000, 0x00000000c3000000|
|  15|0x00000000c3100000, 0x00000000c3100000, 0x00000000c3200000|  0%| F|  |TS  0|AC  0|TAMS 0x00000000c3100000, 0x00000000c3100000|
|  16|0x00000000c3200000, 0x00000000c3200000, 0x00000000c3300000|  0%| F|  |TS  0|AC  0|TAMS 0x00000000c3200000, 0x00000000c3200000|
|  17|0x00000000c3300000, 0x00000000c3300000, 0x00000000c3400000|  0%| F|  |TS  0|AC  0|TAMS 0x00000000c3300000, 0x00000000c3300000|
|  18|0x00000000c3400000, 0x00000000c3400000, 0x00000000c3500000|  0%| F|  |TS  0|AC  0|TAMS 0x00000000c3400000, 0x00000000c3400000|
|  19|0x00000000c3500000, 0x00000000c3500000, 0x00000000c3600000|  0%| F|  |TS  0|AC  0|TAMS 0x00000000c3500000, 0x00000000c3500000|
|  20|0x00000000c3600000, 0x00000000c3600000, 0x00000000c3700000|  0%| F|  |TS  0|AC  0|TAMS 0x00000000c3600000, 0x00000000c3600000|
|  21|0x00000000c3700000, 0x00000000c3700000, 0x00000000c3800000|  0%| F|  |TS  0|AC  0|TAMS 0x00000000c3700000, 0x00000000c3700000|
|  22|0x00000000c3800000, 0x00000000c3800000, 0x00000000c3900000|  0%| F|  |TS  0|AC  0|TAMS 0x00000000c3800000, 0x00000000c3800000|
|  23|0x00000000c3900000, 0x00000000c3900000, 0x00000000c3a00000|  0%| F|  |TS  0|AC  0|TAMS 0x00000000c3900000, 0x00000000c3900000|
|  24|0x00000000c3a00000, 0x00000000c3a00000, 0x00000000c3b00000|  0%| F|  |TS  0|AC  0|TAMS 0x00000000c3a00000, 0x00000000c3a00000|
|  25|0x00000000c3b00000, 0x00000000c3b00000, 0x00000000c3c00000|  0%| F|  |TS  0|AC  0|TAMS 0x00000000c3b00000, 0x00000000c3b00000|
|  26|0x00000000c3c00000, 0x00000000c3c00000, 0x00000000c3d00000|  0%| F|  |TS  0|AC  0|TAMS 0x00000000c3c00000, 0x00000000c3c00000|
|  27|0x00000000c3d00000, 0x00000000c3d00000, 0x00000000c3e00000|  0%| F|  |TS  0|AC  0|TAMS 0x00000000c3d00000, 0x00000000c3d00000|
|  28|0x00000000c3e00000, 0x00000000c3e00000, 0x00000000c3f00000|  0%| F|  |TS  0|AC  0|TAMS 0x00000000c3e00000, 0x00000000c3e00000|
|  29|0x00000000c3f00000, 0x00000000c3f00000, 0x00000000c4000000|  0%| F|  |TS  0|AC  0|TAMS 0x00000000c3f00000, 0x00000000c3f00000|
|  30|0x00000000c4000000, 0x00000000c4000000, 0x00000000c4100000|  0%| F|  |TS  0|AC  0|TAMS 0x00000000c4000000, 0x00000000c4000000|
|  31|0x00000000c4100000, 0x00000000c4100000, 0x00000000c4200000|  0%| F|  |TS  0|AC  0|TAMS 0x00000000c4100000, 0x00000000c4100000|
|  32|0x00000000c4200000, 0x00000000c4200000, 0x00000000c4300000|  0%| F|  |TS  0|AC  0|TAMS 0x00000000c4200000, 0x00000000c4200000|
|  33|0x00000000c4300000, 0x00000000c4300000, 0x00000000c4400000|  0%| F|  |TS  0|AC  0|TAMS 0x00000000c4300000, 0x00000000c4300000|
|  34|0x00000000c4400000, 0x00000000c4400000, 0x00000000c4500000|  0%| F|  |TS  0|AC  0|TAMS 0x00000000c4400000, 0x00000000c4400000|
|  35|0x00000000c4500000, 0x00000000c4500000, 0x00000000c4600000|  0%| F|  |TS  0|AC  0|TAMS 0x00000000c4500000, 0x00000000c4500000|
|  36|0x00000000c4600000, 0x00000000c4600000, 0x00000000c4700000|  0%| F|  |TS  0|AC  0|TAMS 0x00000000c4600000, 0x00000000c4600000|
|  37|0x00000000c4700000, 0x00000000c4700000, 0x00000000c4800000|  0%| F|  |TS  0|AC  0|TAMS 0x00000000c4700000, 0x00000000c4700000|
|  38|0x00000000c4800000, 0x00000000c4800000, 0x00000000c4900000|  0%| F|  |TS  0|AC  0|TAMS 0x00000000c4800000, 0x00000000c4800000|
|  39|0x00000000c4900000, 0x00000000c4900000, 0x00000000c4a00000|  0%| F|  |TS  0|AC  0|TAMS 0x00000000c4900000, 0x00000000c4900000|
|  40|0x00000000c4a00000, 0x00000000c4a00000, 0x00000000c4b00000|  0%| F|  |TS  0|AC  0|TAMS 0x00000000c4a00000, 0x00000000c4a00000|
|  41|0x00000000c4b00000, 0x00000000c4b00000, 0x00000000c4c00000|  0%| F|  |TS  0|AC  0|TAMS 0x00000000c4b00000, 0x00000000c4b00000|
|  42|0x00000000c4c00000, 0x00000000c4c00000, 0x00000000c4d00000|  0%| F|  |TS  0|AC  0|TAMS 0x00000000c4c00000, 0x00000000c4c00000|
|  43|0x00000000c4d00000, 0x00000000c4d00000, 0x00000000c4e00000|  0%| F|  |TS  0|AC  0|TAMS 0x00000000c4d00000, 0x00000000c4d00000|
|  44|0x00000000c4e00000, 0x00000000c4e00000, 0x00000000c4f00000|  0%| F|  |TS  0|AC  0|TAMS 0x00000000c4e00000, 0x00000000c4e00000|
|  45|0x00000000c4f00000, 0x00000000c4f00000, 0x00000000c5000000|  0%| F|  |TS  0|AC  0|TAMS 0x00000000c4f00000, 0x00000000c4f00000|
|  46|0x00000000c5000000, 0x00000000c5000000, 0x00000000c5100000|  0%| F|  |TS  0|AC  0|TAMS 0x00000000c5000000, 0x00000000c5000000|
|  47|0x00000000c5100000, 0x00000000c5100000, 0x00000000c5200000|  0%| F|  |TS  0|AC  0|TAMS 0x00000000c5100000, 0x00000000c5100000|
|  48|0x00000000c5200000, 0x00000000c5200000, 0x00000000c5300000|  0%| F|  |TS  0|AC  0|TAMS 0x00000000c5200000, 0x00000000c5200000|
|  49|0x00000000c5300000, 0x00000000c5300000, 0x00000000c5400000|  0%| F|  |TS  0|AC  0|TAMS 0x00000000c5300000, 0x00000000c5300000|
|  50|0x00000000c5400000, 0x00000000c5400000, 0x00000000c5500000|  0%| F|  |TS  0|AC  0|TAMS 0x00000000c5400000, 0x00000000c5400000|
|  51|0x00000000c5500000, 0x00000000c5500000, 0x00000000c5600000|  0%| F|  |TS  0|AC  0|TAMS 0x00000000c5500000, 0x00000000c5500000|
|  52|0x00000000c5600000, 0x00000000c5600000, 0x00000000c5700000|  0%| F|  |TS  0|AC  0|TAMS 0x00000000c5600000, 0x00000000c5600000|
|  53|0x00000000c5700000, 0x00000000c5700000, 0x00000000c5800000|  0%| F|  |TS  0|AC  0|TAMS 0x00000000c5700000, 0x00000000c5700000|
|  54|0x00000000c5800000, 0x00000000c5800000, 0x00000000c5900000|  0%| F|  |TS  0|AC  0|TAMS 0x00000000c5800000, 0x00000000c5800000|
|  55|0x00000000c5900000, 0x00000000c5900000, 0x00000000c5a00000|  0%| F|  |TS  0|AC  0|TAMS 0x00000000c5900000, 0x00000000c5900000|
|  56|0x00000000c5a00000, 0x00000000c5a909f0, 0x00000000c5b00000| 56%| E|  |TS  0|AC  0|TAMS 0x00000000c5a00000, 0x00000000c5a00000|
|  57|0x00000000c5b00000, 0x00000000c5c00000, 0x00000000c5c00000|100%| E|CS|TS  0|AC  0|TAMS 0x00000000c5b00000, 0x00000000c5b00000|
|  58|0x00000000c5c00000, 0x00000000c5d00000, 0x00000000c5d00000|100%| E|CS|TS  0|AC  0|TAMS 0x00000000c5c00000, 0x00000000c5c00000|
|  59|0x00000000c5d00000, 0x00000000c5e00000, 0x00000000c5e00000|100%| E|CS|TS  0|AC  0|TAMS 0x00000000c5d00000, 0x00000000c5d00000|
|  60|0x00000000c5e00000, 0x00000000c5f00000, 0x00000000c5f00000|100%| E|CS|TS  0|AC  0|TAMS 0x00000000c5e00000, 0x00000000c5e00000|
|  61|0x00000000c5f00000, 0x00000000c6000000, 0x00000000c6000000|100%| E|CS|TS  0|AC  0|TAMS 0x00000000c5f00000, 0x00000000c5f00000|

Card table byte_map: [0x0000023843a80000,0x0000023843c70000] byte_map_base: 0x000002384346f000

Marking Bits (Prev, Next): (CMBitMap*) 0x0000023828236b70, (CMBitMap*) 0x0000023828236ba8
 Prev Bits: [0x0000023843e60000, 0x0000023844dd8000)
 Next Bits: [0x0000023844de0000, 0x0000023845d58000)

Polling page: 0x0000023825f70000

CodeHeap 'non-profiled nmethods': size=120064Kb used=104Kb max_used=104Kb free=119959Kb
 bounds [0x000002383bb40000, 0x000002383bdb0000, 0x0000023843080000]
CodeHeap 'profiled nmethods': size=120000Kb used=441Kb max_used=441Kb free=119558Kb
 bounds [0x0000023834610000, 0x0000023834880000, 0x000002383bb40000]
CodeHeap 'non-nmethods': size=5696Kb used=1197Kb max_used=1206Kb free=4498Kb
 bounds [0x0000023834080000, 0x00000238342f0000, 0x0000023834610000]
 total_blobs=766 nmethods=341 adapters=258
 compilation: enabled

Compilation events (10 events):
Event: 0.880 Thread 0x0000023848b95800  337       3       java.lang.invoke.LambdaForm::argument (27 bytes)
Event: 0.880 Thread 0x0000023848b95800 nmethod 337 0x000002383467c210 code [0x000002383467c3e0, 0x000002383467c770]
Event: 0.880 Thread 0x0000023848b95800  338       3       jdk.internal.org.objectweb.asm.ByteVector::put12 (64 bytes)
Event: 0.880 Thread 0x0000023848b95800 nmethod 338 0x000002383467c910 code [0x000002383467cae0, 0x000002383467cd70]
Event: 0.881 Thread 0x0000023848b95800  339       3       java.lang.invoke.MethodType::checkPtypes (61 bytes)
Event: 0.882 Thread 0x0000023848b95800 nmethod 339 0x000002383467cf10 code [0x000002383467d1c0, 0x000002383467dd50]
Event: 13.196 Thread 0x0000023848b95800  340       3       java.lang.StringUTF16::putChar (54 bytes)
Event: 13.197 Thread 0x0000023848b95800 nmethod 340 0x000002383467e190 code [0x000002383467e340, 0x000002383467e4d8]
Event: 13.221 Thread 0x0000023848b83000  341       4       java.lang.AbstractStringBuilder::ensureCapacityInternal (39 bytes)
Event: 13.228 Thread 0x0000023848b83000 nmethod 341 0x000002383bb59c90 code [0x000002383bb59e40, 0x000002383bb5a1c8]

GC Heap History (0 events):
No events

Deoptimization events (1 events):
Event: 0.403 Thread 0x00000238281d2800 Uncommon trap: reason=unstable_if action=reinterpret pc=0x000002383bb4357c method=java.lang.String.charAt(I)C @ 4 c2

Classes redefined (3 events):
Event: 83.383 Thread 0x000002384829e800 redefined class name=com.hit.server.Server, count=1
Event: 406.291 Thread 0x000002384829e800 redefined class name=com.hit.server.Server, count=2
Event: 456.550 Thread 0x000002384829e800 redefined class name=com.hit.server.Server, count=3

Internal exceptions (3 events):
Event: 0.462 Thread 0x00000238281d2800 Exception <a 'java/lang/NoSuchMethodError'{0x00000000c5b0efe0}: java.lang.Object.lambda$negate$3(I)Z> (0x00000000c5b0efe0) thrown at [t:/workspace/hotspot/src/share/vm/interpreter/linkResolver.cpp, line 731]
Event: 0.463 Thread 0x00000238281d2800 Exception <a 'java/lang/NoSuchMethodError'{0x00000000c5b12438}: java.lang.Object.lambda$and$0(Ljava/util/regex/Pattern$CharPredicate;I)Z> (0x00000000c5b12438) thrown at [t:/workspace/hotspot/src/share/vm/interpreter/linkResolver.cpp, line 731]
Event: 0.881 Thread 0x0000023849002800 Exception <a 'java/lang/NoSuchMethodError'{0x00000000c5a09288}: java.lang.Object.lambda$union$2(Ljava/util/regex/Pattern$CharPredicate;I)Z> (0x00000000c5a09288) thrown at [t:/workspace/hotspot/src/share/vm/interpreter/linkResolver.cpp, line 731]

Events (10 events):
Event: 456.689 Executing VM operation: ChangeBreakpoints done
Event: 456.787 Executing VM operation: ChangeBreakpoints
Event: 456.787 Executing VM operation: ChangeBreakpoints done
Event: 456.792 Executing VM operation: GetFrameCount
Event: 456.792 Executing VM operation: GetFrameCount done
Event: 456.792 Executing VM operation: GetFrameLocation
Event: 456.792 Executing VM operation: GetFrameLocation done
Event: 456.793 Executing VM operation: GetFrameLocation
Event: 456.793 Executing VM operation: GetFrameLocation done
Event: 456.793 Executing VM operation: GetOrSetLocal


Dynamic libraries:
0x00007ff7e4c50000 - 0x00007ff7e4c8e000 	C:\Program Files\Java\jdk-9.0.4\bin\java.exe
0x00007ffb32e00000 - 0x00007ffb32fe0000 	C:\WINDOWS\SYSTEM32\ntdll.dll
0x00007ffb32640000 - 0x00007ffb326ee000 	C:\WINDOWS\System32\KERNEL32.DLL
0x00007ffb2f200000 - 0x00007ffb2f466000 	C:\WINDOWS\System32\KERNELBASE.dll
0x00007ffb30ab0000 - 0x00007ffb30b51000 	C:\WINDOWS\System32\ADVAPI32.dll
0x00007ffb32430000 - 0x00007ffb324cd000 	C:\WINDOWS\System32\msvcrt.dll
0x00007ffb32d30000 - 0x00007ffb32d8b000 	C:\WINDOWS\System32\sechost.dll
0x00007ffb32130000 - 0x00007ffb3224f000 	C:\WINDOWS\System32\RPCRT4.dll
0x00007ffb30b60000 - 0x00007ffb30cef000 	C:\WINDOWS\System32\USER32.dll
0x00007ffb2f740000 - 0x00007ffb2f760000 	C:\WINDOWS\System32\win32u.dll
0x00007ffb326f0000 - 0x00007ffb32718000 	C:\WINDOWS\System32\GDI32.dll
0x00007ffb30060000 - 0x00007ffb301f3000 	C:\WINDOWS\System32\gdi32full.dll
0x00007ffb2f4d0000 - 0x00007ffb2f56b000 	C:\WINDOWS\System32\msvcp_win.dll
0x00007ffb2ff60000 - 0x00007ffb30056000 	C:\WINDOWS\System32\ucrtbase.dll
0x00007ffb1bbe0000 - 0x00007ffb1be49000 	C:\WINDOWS\WinSxS\amd64_microsoft.windows.common-controls_6595b64144ccf1df_6.0.16299.431_none_15c7d3ee93659e73\COMCTL32.dll
0x00007ffb1f840000 - 0x00007ffb1f84a000 	C:\WINDOWS\SYSTEM32\VERSION.dll
0x00007ffb302f0000 - 0x00007ffb305f8000 	C:\WINDOWS\System32\combase.dll
0x00007ffb30200000 - 0x00007ffb30272000 	C:\WINDOWS\System32\bcryptPrimitives.dll
0x00007ffb32da0000 - 0x00007ffb32dcd000 	C:\WINDOWS\System32\IMM32.DLL
0x00007ffb07680000 - 0x00007ffb0776f000 	C:\Program Files\Java\jdk-9.0.4\bin\msvcr120.dll
0x00007ffb07360000 - 0x00007ffb07406000 	C:\Program Files\Java\jdk-9.0.4\bin\msvcp120.dll
0x0000000074200000 - 0x0000000074c25000 	C:\Program Files\Java\jdk-9.0.4\bin\server\jvm.dll
0x00007ffb30880000 - 0x00007ffb30888000 	C:\WINDOWS\System32\PSAPI.DLL
0x00007ffb2ddf0000 - 0x00007ffb2ddf9000 	C:\WINDOWS\SYSTEM32\WSOCK32.dll
0x00007ffb322c0000 - 0x00007ffb3232c000 	C:\WINDOWS\System32\WS2_32.dll
0x00007ffb2cb20000 - 0x00007ffb2cb43000 	C:\WINDOWS\SYSTEM32\WINMM.dll
0x00007ffb2c7f0000 - 0x00007ffb2c81a000 	C:\WINDOWS\SYSTEM32\winmmbase.dll
0x00007ffb30280000 - 0x00007ffb302ca000 	C:\WINDOWS\System32\cfgmgr32.dll
0x00007ffb2b4a0000 - 0x00007ffb2b4af000 	C:\Program Files\Java\jdk-9.0.4\bin\verify.dll
0x00007ffb209c0000 - 0x00007ffb209e7000 	C:\Program Files\Java\jdk-9.0.4\bin\java.dll
0x00007ffb19c20000 - 0x00007ffb19c56000 	C:\Program Files\Java\jdk-9.0.4\bin\jdwp.dll
0x00007ffb1ace0000 - 0x00007ffb1ad0a000 	C:\Program Files\Java\jdk-9.0.4\bin\instrument.dll
0x00007ffb1c590000 - 0x00007ffb1c5a6000 	C:\Program Files\Java\jdk-9.0.4\bin\zip.dll
0x00007ffb20990000 - 0x00007ffb2099a000 	C:\Program Files\Java\jdk-9.0.4\bin\jimage.dll
0x00007ffb30cf0000 - 0x00007ffb32128000 	C:\WINDOWS\System32\SHELL32.dll
0x00007ffb32830000 - 0x00007ffb328d6000 	C:\WINDOWS\System32\shcore.dll
0x00007ffb2f810000 - 0x00007ffb2ff57000 	C:\WINDOWS\System32\windows.storage.dll
0x00007ffb30680000 - 0x00007ffb306d1000 	C:\WINDOWS\System32\shlwapi.dll
0x00007ffb2f190000 - 0x00007ffb2f1a1000 	C:\WINDOWS\System32\kernel.appcore.dll
0x00007ffb2f1b0000 - 0x00007ffb2f1fc000 	C:\WINDOWS\System32\powrprof.dll
0x00007ffb2f170000 - 0x00007ffb2f18b000 	C:\WINDOWS\System32\profapi.dll
0x00007ffb19aa0000 - 0x00007ffb19aba000 	C:\Program Files\Java\jdk-9.0.4\bin\net.dll
0x00007ffb2ab70000 - 0x00007ffb2ac4e000 	C:\WINDOWS\SYSTEM32\WINHTTP.dll
0x00007ffb2e980000 - 0x00007ffb2e9e6000 	C:\WINDOWS\system32\mswsock.dll
0x00007ffb19880000 - 0x00007ffb19891000 	C:\Program Files\Java\jdk-9.0.4\bin\nio.dll
0x00007ffb20960000 - 0x00007ffb2096a000 	C:\Program Files\Java\jdk-9.0.4\bin\dt_socket.dll
0x00007ffb2dc00000 - 0x00007ffb2ddc8000 	C:\WINDOWS\SYSTEM32\dbghelp.dll

VM Arguments:
jvm_args: -agentlib:jdwp=transport=dt_socket,address=127.0.0.1:50708,suspend=y,server=n -javaagent:C:\Users\Itai\.IdeaIC2017.3\system\captureAgent\debugger-agent.jar=C:\Users\Itai\AppData\Local\Temp\capture3.props -Dfile.encoding=UTF-8 
java_command: com.hit.server.CacheUnitServerDriver
java_class_path (initial): C:\Users\Itai\Downloads\JAVA\Project\out\production\Project;C:\Program Files\JetBrains\IntelliJ IDEA Community Edition 2017.3.4\lib\junit-4.12.jar;C:\Program Files\JetBrains\IntelliJ IDEA Community Edition 2017.3.4\lib\hamcrest-core-1.3.jar;C:\Users\Itai\.m2\repository\org\junit\jupiter\junit-jupiter-api\5.0.0\junit-jupiter-api-5.0.0.jar;C:\Users\Itai\.m2\repository\org\apiguardian\apiguardian-api\1.0.0\apiguardian-api-1.0.0.jar;C:\Users\Itai\.m2\repository\org\opentest4j\opentest4j\1.0.0\opentest4j-1.0.0.jar;C:\Users\Itai\.m2\repository\org\junit\platform\junit-platform-commons\1.0.0\junit-platform-commons-1.0.0.jar;C:\Users\Itai\Downloads\gson-2.8.4 (1).jar;C:\Program Files\JetBrains\IntelliJ IDEA Community Edition 2017.3.4\lib\idea_rt.jar
Launcher Type: SUN_STANDARD

Logging:
Log output configuration:
#0: stdout all=warning uptime,level,tags
#1: stderr all=off uptime,level,tags

Environment Variables:
PATH=C:\Program Files (x86)\Common Files\Oracle\Java\javapath;C:\ProgramData\Oracle\Java\javapath;C:\WINDOWS\system32;C:\WINDOWS;C:\WINDOWS\System32\Wbem;C:\WINDOWS\System32\WindowsPowerShell\v1.0\;C:\Program Files\dotnet\;C:\Program Files\Microsoft SQL Server\130\Tools\Binn\;C:\Program Files\Git\cmd;C:\Program Files\nodejs\;C:\Users\Itai\AppData\Local\Programs\Python\Python36\Scripts\;C:\Users\Itai\AppData\Local\Programs\Python\Python36\;C:\Users\Itai\AppData\Local\Microsoft\WindowsApps;C:\Program Files\Microsoft VS Code\bin;C:\Users\Itai\AppData\Roaming\npm;C:\Python27;C:\Python27\scripts;
USERNAME=Itai
OS=Windows_NT
PROCESSOR_IDENTIFIER=Intel64 Family 6 Model 78 Stepping 3, GenuineIntel



---------------  S Y S T E M  ---------------

OS: Windows 10 , 64 bit Build 16299 (10.0.16299.431)

CPU:total 4 (initial active 4) (2 cores per cpu, 2 threads per core) family 6 model 78 stepping 3, cmov, cx8, fxsr, mmx, sse, sse2, sse3, ssse3, sse4.1, sse4.2, popcnt, avx, avx2, aes, clmul, erms, 3dnowpref, lzcnt, ht, tsc, tscinvbit, bmi1, bmi2, adx, fma

Memory: 4k page, physical 4048156k(628760k free), swap 9291036k(3672944k free)

vm_info: Java HotSpot(TM) 64-Bit Server VM (9.0.4+11) for windows-amd64 JRE (9.0.4+11), built on Dec 20 2017 02:18:54 by "mach5one" with MS VC++ 12.0 (VS2013)

END.
